[2020-10-08 09:20:29] development.INFO: No upgrade of Vdlp.Redirect needed. Fresh installation.  
[2020-10-08 13:34:53] development.ERROR: ErrorException: Undefined index: item in /home/vagrant/code/prova/storage/cms/twig/74/748dfeee97a888688e4fc12cd9d07d0b0fd776c731ee9e64e110ad8e3b93e249.php:75
Stack trace:
#0 /home/vagrant/code/prova/storage/cms/twig/74/748dfeee97a888688e4fc12cd9d07d0b0fd776c731ee9e64e110ad8e3b93e249.php(75): Illuminate\Foundation\Bootstrap\HandleExceptions->handleError()
#1 /home/vagrant/code/prova/vendor/twig/twig/src/Template.php(407): __TwigTemplate_c1aa1ca99c9dd7dd5d2096e99d94e63565a26507a9ab7725e082ded097c3671c->doDisplay()
#2 /home/vagrant/code/prova/vendor/twig/twig/src/Template.php(380): Twig\Template->displayWithErrorHandling()
#3 /home/vagrant/code/prova/vendor/twig/twig/src/Template.php(392): Twig\Template->display()
#4 /home/vagrant/code/prova/modules/cms/Classes/Controller.php(1088): Twig\Template->render()
#5 /home/vagrant/code/prova/modules/cms/Twig/Extension.php(102): Cms\Classes\Controller->renderPartial()
#6 /home/vagrant/code/prova/storage/cms/twig/6b/6b46dac2eebb23bc80e3b24ae819384b4f5ea2676ac1081ba35aab4a714e0126.php(77): Cms\Twig\Extension->partialFunction()
#7 /home/vagrant/code/prova/vendor/twig/twig/src/Template.php(407): __TwigTemplate_6406258c16c41a8a33a7ba7333a5218f0b88385fd5e19475acd59069629d2fea->doDisplay()
#8 /home/vagrant/code/prova/vendor/twig/twig/src/Template.php(380): Twig\Template->displayWithErrorHandling()
#9 /home/vagrant/code/prova/vendor/twig/twig/src/Template.php(392): Twig\Template->display()
#10 /home/vagrant/code/prova/modules/cms/Classes/Controller.php(435): Twig\Template->render()
#11 /home/vagrant/code/prova/modules/cms/Classes/Controller.php(225): Cms\Classes\Controller->runPage()
#12 /home/vagrant/code/prova/modules/cms/Classes/CmsController.php(50): Cms\Classes\Controller->run()
#13 [internal function]: Cms\Classes\CmsController->run()
#14 /home/vagrant/code/prova/vendor/laravel/framework/src/Illuminate/Routing/Controller.php(54): call_user_func_array()
#15 /home/vagrant/code/prova/vendor/laravel/framework/src/Illuminate/Routing/ControllerDispatcher.php(45): Illuminate\Routing\Controller->callAction()
#16 /home/vagrant/code/prova/vendor/laravel/framework/src/Illuminate/Routing/Route.php(212): Illuminate\Routing\ControllerDispatcher->dispatch()
#17 /home/vagrant/code/prova/vendor/laravel/framework/src/Illuminate/Routing/Route.php(169): Illuminate\Routing\Route->runController()
#18 /home/vagrant/code/prova/vendor/laravel/framework/src/Illuminate/Routing/Router.php(658): Illuminate\Routing\Route->run()
#19 /home/vagrant/code/prova/vendor/laravel/framework/src/Illuminate/Routing/Pipeline.php(30): Illuminate\Routing\Router->Illuminate\Routing\{closure}()
#20 /home/vagrant/code/prova/plugins/rainlab/translate/classes/LocaleMiddleware.php(29): Illuminate\Routing\Pipeline->Illuminate\Routing\{closure}()
#21 /home/vagrant/code/prova/vendor/laravel/framework/src/Illuminate/Pipeline/Pipeline.php(149): RainLab\Translate\Classes\LocaleMiddleware->handle()
#22 /home/vagrant/code/prova/vendor/laravel/framework/src/Illuminate/Routing/Pipeline.php(53): Illuminate\Pipeline\Pipeline->Illuminate\Pipeline\{closure}()
#23 /home/vagrant/code/prova/vendor/laravel/framework/src/Illuminate/Routing/Middleware/SubstituteBindings.php(41): Illuminate\Routing\Pipeline->Illuminate\Routing\{closure}()
#24 /home/vagrant/code/prova/vendor/laravel/framework/src/Illuminate/Pipeline/Pipeline.php(149): Illuminate\Routing\Middleware\SubstituteBindings->handle()
#25 /home/vagrant/code/prova/vendor/laravel/framework/src/Illuminate/Routing/Pipeline.php(53): Illuminate\Pipeline\Pipeline->Illuminate\Pipeline\{closure}()
#26 /home/vagrant/code/prova/vendor/laravel/framework/src/Illuminate/View/Middleware/ShareErrorsFromSession.php(49): Illuminate\Routing\Pipeline->Illuminate\Routing\{closure}()
#27 /home/vagrant/code/prova/vendor/laravel/framework/src/Illuminate/Pipeline/Pipeline.php(149): Illuminate\View\Middleware\ShareErrorsFromSession->handle()
#28 /home/vagrant/code/prova/vendor/laravel/framework/src/Illuminate/Routing/Pipeline.php(53): Illuminate\Pipeline\Pipeline->Illuminate\Pipeline\{closure}()
#29 /home/vagrant/code/prova/vendor/laravel/framework/src/Illuminate/Session/Middleware/StartSession.php(63): Illuminate\Routing\Pipeline->Illuminate\Routing\{closure}()
#30 /home/vagrant/code/prova/vendor/laravel/framework/src/Illuminate/Pipeline/Pipeline.php(149): Illuminate\Session\Middleware\StartSession->handle()
#31 /home/vagrant/code/prova/vendor/laravel/framework/src/Illuminate/Routing/Pipeline.php(53): Illuminate\Pipeline\Pipeline->Illuminate\Pipeline\{closure}()
#32 /home/vagrant/code/prova/vendor/laravel/framework/src/Illuminate/Cookie/Middleware/AddQueuedCookiesToResponse.php(37): Illuminate\Routing\Pipeline->Illuminate\Routing\{closure}()
#33 /home/vagrant/code/prova/vendor/laravel/framework/src/Illuminate/Pipeline/Pipeline.php(149): Illuminate\Cookie\Middleware\AddQueuedCookiesToResponse->handle()
#34 /home/vagrant/code/prova/vendor/laravel/framework/src/Illuminate/Routing/Pipeline.php(53): Illuminate\Pipeline\Pipeline->Illuminate\Pipeline\{closure}()
#35 /home/vagrant/code/prova/vendor/laravel/framework/src/Illuminate/Cookie/Middleware/EncryptCookies.php(68): Illuminate\Routing\Pipeline->Illuminate\Routing\{closure}()
#36 /home/vagrant/code/prova/vendor/laravel/framework/src/Illuminate/Pipeline/Pipeline.php(149): Illuminate\Cookie\Middleware\EncryptCookies->handle()
#37 /home/vagrant/code/prova/vendor/laravel/framework/src/Illuminate/Routing/Pipeline.php(53): Illuminate\Pipeline\Pipeline->Illuminate\Pipeline\{closure}()
#38 /home/vagrant/code/prova/vendor/laravel/framework/src/Illuminate/Pipeline/Pipeline.php(102): Illuminate\Routing\Pipeline->Illuminate\Routing\{closure}()
#39 /home/vagrant/code/prova/vendor/laravel/framework/src/Illuminate/Routing/Router.php(660): Illuminate\Pipeline\Pipeline->then()
#40 /home/vagrant/code/prova/vendor/laravel/framework/src/Illuminate/Routing/Router.php(635): Illuminate\Routing\Router->runRouteWithinStack()
#41 /home/vagrant/code/prova/vendor/laravel/framework/src/Illuminate/Routing/Router.php(601): Illuminate\Routing\Router->runRoute()
#42 /home/vagrant/code/prova/vendor/october/rain/src/Router/CoreRouter.php(20): Illuminate\Routing\Router->dispatchToRoute()
#43 /home/vagrant/code/prova/vendor/laravel/framework/src/Illuminate/Foundation/Http/Kernel.php(176): October\Rain\Router\CoreRouter->dispatch()
#44 /home/vagrant/code/prova/vendor/laravel/framework/src/Illuminate/Routing/Pipeline.php(30): Illuminate\Foundation\Http\Kernel->Illuminate\Foundation\Http\{closure}()
#45 /home/vagrant/code/prova/plugins/offline/responsiveimages/classes/ResponsiveImagesMiddleware.php(30): Illuminate\Routing\Pipeline->Illuminate\Routing\{closure}()
#46 /home/vagrant/code/prova/vendor/laravel/framework/src/Illuminate/Pipeline/Pipeline.php(149): OFFLINE\ResponsiveImages\Classes\ResponsiveImagesMiddleware->handle()
#47 /home/vagrant/code/prova/vendor/laravel/framework/src/Illuminate/Routing/Pipeline.php(53): Illuminate\Pipeline\Pipeline->Illuminate\Pipeline\{closure}()
#48 /home/vagrant/code/prova/vendor/laravel/framework/src/Illuminate/Foundation/Http/Middleware/CheckForMaintenanceMode.php(46): Illuminate\Routing\Pipeline->Illuminate\Routing\{closure}()
#49 /home/vagrant/code/prova/vendor/october/rain/src/Foundation/Http/Middleware/CheckForMaintenanceMode.php(25): Illuminate\Foundation\Http\Middleware\CheckForMaintenanceMode->handle()
#50 /home/vagrant/code/prova/vendor/laravel/framework/src/Illuminate/Pipeline/Pipeline.php(149): October\Rain\Foundation\Http\Middleware\CheckForMaintenanceMode->handle()
#51 /home/vagrant/code/prova/vendor/laravel/framework/src/Illuminate/Routing/Pipeline.php(53): Illuminate\Pipeline\Pipeline->Illuminate\Pipeline\{closure}()
#52 /home/vagrant/code/prova/plugins/vdlp/redirect/classes/RedirectMiddleware.php(111): Illuminate\Routing\Pipeline->Illuminate\Routing\{closure}()
#53 /home/vagrant/code/prova/vendor/laravel/framework/src/Illuminate/Pipeline/Pipeline.php(149): Vdlp\Redirect\Classes\RedirectMiddleware->handle()
#54 /home/vagrant/code/prova/vendor/laravel/framework/src/Illuminate/Routing/Pipeline.php(53): Illuminate\Pipeline\Pipeline->Illuminate\Pipeline\{closure}()
#55 /home/vagrant/code/prova/vendor/laravel/framework/src/Illuminate/Pipeline/Pipeline.php(102): Illuminate\Routing\Pipeline->Illuminate\Routing\{closure}()
#56 /home/vagrant/code/prova/vendor/laravel/framework/src/Illuminate/Foundation/Http/Kernel.php(151): Illuminate\Pipeline\Pipeline->then()
#57 /home/vagrant/code/prova/vendor/laravel/framework/src/Illuminate/Foundation/Http/Kernel.php(116): Illuminate\Foundation\Http\Kernel->sendRequestThroughRouter()
#58 /home/vagrant/code/prova/index.php(43): Illuminate\Foundation\Http\Kernel->handle()
#59 {main}

Next Twig\Error\RuntimeError: An exception has been thrown during the rendering of a template ("Undefined index: item") in "/home/vagrant/code/prova/themes/prova/partials/navbar.htm" at line 11. in /home/vagrant/code/prova/vendor/twig/twig/src/Template.php:421
Stack trace:
#0 /home/vagrant/code/prova/vendor/twig/twig/src/Template.php(380): Twig\Template->displayWithErrorHandling()
#1 /home/vagrant/code/prova/vendor/twig/twig/src/Template.php(392): Twig\Template->display()
#2 /home/vagrant/code/prova/modules/cms/Classes/Controller.php(1088): Twig\Template->render()
#3 /home/vagrant/code/prova/modules/cms/Twig/Extension.php(102): Cms\Classes\Controller->renderPartial()
#4 /home/vagrant/code/prova/storage/cms/twig/6b/6b46dac2eebb23bc80e3b24ae819384b4f5ea2676ac1081ba35aab4a714e0126.php(77): Cms\Twig\Extension->partialFunction()
#5 /home/vagrant/code/prova/vendor/twig/twig/src/Template.php(407): __TwigTemplate_6406258c16c41a8a33a7ba7333a5218f0b88385fd5e19475acd59069629d2fea->doDisplay()
#6 /home/vagrant/code/prova/vendor/twig/twig/src/Template.php(380): Twig\Template->displayWithErrorHandling()
#7 /home/vagrant/code/prova/vendor/twig/twig/src/Template.php(392): Twig\Template->display()
#8 /home/vagrant/code/prova/modules/cms/Classes/Controller.php(435): Twig\Template->render()
#9 /home/vagrant/code/prova/modules/cms/Classes/Controller.php(225): Cms\Classes\Controller->runPage()
#10 /home/vagrant/code/prova/modules/cms/Classes/CmsController.php(50): Cms\Classes\Controller->run()
#11 [internal function]: Cms\Classes\CmsController->run()
#12 /home/vagrant/code/prova/vendor/laravel/framework/src/Illuminate/Routing/Controller.php(54): call_user_func_array()
#13 /home/vagrant/code/prova/vendor/laravel/framework/src/Illuminate/Routing/ControllerDispatcher.php(45): Illuminate\Routing\Controller->callAction()
#14 /home/vagrant/code/prova/vendor/laravel/framework/src/Illuminate/Routing/Route.php(212): Illuminate\Routing\ControllerDispatcher->dispatch()
#15 /home/vagrant/code/prova/vendor/laravel/framework/src/Illuminate/Routing/Route.php(169): Illuminate\Routing\Route->runController()
#16 /home/vagrant/code/prova/vendor/laravel/framework/src/Illuminate/Routing/Router.php(658): Illuminate\Routing\Route->run()
#17 /home/vagrant/code/prova/vendor/laravel/framework/src/Illuminate/Routing/Pipeline.php(30): Illuminate\Routing\Router->Illuminate\Routing\{closure}()
#18 /home/vagrant/code/prova/plugins/rainlab/translate/classes/LocaleMiddleware.php(29): Illuminate\Routing\Pipeline->Illuminate\Routing\{closure}()
#19 /home/vagrant/code/prova/vendor/laravel/framework/src/Illuminate/Pipeline/Pipeline.php(149): RainLab\Translate\Classes\LocaleMiddleware->handle()
#20 /home/vagrant/code/prova/vendor/laravel/framework/src/Illuminate/Routing/Pipeline.php(53): Illuminate\Pipeline\Pipeline->Illuminate\Pipeline\{closure}()
#21 /home/vagrant/code/prova/vendor/laravel/framework/src/Illuminate/Routing/Middleware/SubstituteBindings.php(41): Illuminate\Routing\Pipeline->Illuminate\Routing\{closure}()
#22 /home/vagrant/code/prova/vendor/laravel/framework/src/Illuminate/Pipeline/Pipeline.php(149): Illuminate\Routing\Middleware\SubstituteBindings->handle()
#23 /home/vagrant/code/prova/vendor/laravel/framework/src/Illuminate/Routing/Pipeline.php(53): Illuminate\Pipeline\Pipeline->Illuminate\Pipeline\{closure}()
#24 /home/vagrant/code/prova/vendor/laravel/framework/src/Illuminate/View/Middleware/ShareErrorsFromSession.php(49): Illuminate\Routing\Pipeline->Illuminate\Routing\{closure}()
#25 /home/vagrant/code/prova/vendor/laravel/framework/src/Illuminate/Pipeline/Pipeline.php(149): Illuminate\View\Middleware\ShareErrorsFromSession->handle()
#26 /home/vagrant/code/prova/vendor/laravel/framework/src/Illuminate/Routing/Pipeline.php(53): Illuminate\Pipeline\Pipeline->Illuminate\Pipeline\{closure}()
#27 /home/vagrant/code/prova/vendor/laravel/framework/src/Illuminate/Session/Middleware/StartSession.php(63): Illuminate\Routing\Pipeline->Illuminate\Routing\{closure}()
#28 /home/vagrant/code/prova/vendor/laravel/framework/src/Illuminate/Pipeline/Pipeline.php(149): Illuminate\Session\Middleware\StartSession->handle()
#29 /home/vagrant/code/prova/vendor/laravel/framework/src/Illuminate/Routing/Pipeline.php(53): Illuminate\Pipeline\Pipeline->Illuminate\Pipeline\{closure}()
#30 /home/vagrant/code/prova/vendor/laravel/framework/src/Illuminate/Cookie/Middleware/AddQueuedCookiesToResponse.php(37): Illuminate\Routing\Pipeline->Illuminate\Routing\{closure}()
#31 /home/vagrant/code/prova/vendor/laravel/framework/src/Illuminate/Pipeline/Pipeline.php(149): Illuminate\Cookie\Middleware\AddQueuedCookiesToResponse->handle()
#32 /home/vagrant/code/prova/vendor/laravel/framework/src/Illuminate/Routing/Pipeline.php(53): Illuminate\Pipeline\Pipeline->Illuminate\Pipeline\{closure}()
#33 /home/vagrant/code/prova/vendor/laravel/framework/src/Illuminate/Cookie/Middleware/EncryptCookies.php(68): Illuminate\Routing\Pipeline->Illuminate\Routing\{closure}()
#34 /home/vagrant/code/prova/vendor/laravel/framework/src/Illuminate/Pipeline/Pipeline.php(149): Illuminate\Cookie\Middleware\EncryptCookies->handle()
#35 /home/vagrant/code/prova/vendor/laravel/framework/src/Illuminate/Routing/Pipeline.php(53): Illuminate\Pipeline\Pipeline->Illuminate\Pipeline\{closure}()
#36 /home/vagrant/code/prova/vendor/laravel/framework/src/Illuminate/Pipeline/Pipeline.php(102): Illuminate\Routing\Pipeline->Illuminate\Routing\{closure}()
#37 /home/vagrant/code/prova/vendor/laravel/framework/src/Illuminate/Routing/Router.php(660): Illuminate\Pipeline\Pipeline->then()
#38 /home/vagrant/code/prova/vendor/laravel/framework/src/Illuminate/Routing/Router.php(635): Illuminate\Routing\Router->runRouteWithinStack()
#39 /home/vagrant/code/prova/vendor/laravel/framework/src/Illuminate/Routing/Router.php(601): Illuminate\Routing\Router->runRoute()
#40 /home/vagrant/code/prova/vendor/october/rain/src/Router/CoreRouter.php(20): Illuminate\Routing\Router->dispatchToRoute()
#41 /home/vagrant/code/prova/vendor/laravel/framework/src/Illuminate/Foundation/Http/Kernel.php(176): October\Rain\Router\CoreRouter->dispatch()
#42 /home/vagrant/code/prova/vendor/laravel/framework/src/Illuminate/Routing/Pipeline.php(30): Illuminate\Foundation\Http\Kernel->Illuminate\Foundation\Http\{closure}()
#43 /home/vagrant/code/prova/plugins/offline/responsiveimages/classes/ResponsiveImagesMiddleware.php(30): Illuminate\Routing\Pipeline->Illuminate\Routing\{closure}()
#44 /home/vagrant/code/prova/vendor/laravel/framework/src/Illuminate/Pipeline/Pipeline.php(149): OFFLINE\ResponsiveImages\Classes\ResponsiveImagesMiddleware->handle()
#45 /home/vagrant/code/prova/vendor/laravel/framework/src/Illuminate/Routing/Pipeline.php(53): Illuminate\Pipeline\Pipeline->Illuminate\Pipeline\{closure}()
#46 /home/vagrant/code/prova/vendor/laravel/framework/src/Illuminate/Foundation/Http/Middleware/CheckForMaintenanceMode.php(46): Illuminate\Routing\Pipeline->Illuminate\Routing\{closure}()
#47 /home/vagrant/code/prova/vendor/october/rain/src/Foundation/Http/Middleware/CheckForMaintenanceMode.php(25): Illuminate\Foundation\Http\Middleware\CheckForMaintenanceMode->handle()
#48 /home/vagrant/code/prova/vendor/laravel/framework/src/Illuminate/Pipeline/Pipeline.php(149): October\Rain\Foundation\Http\Middleware\CheckForMaintenanceMode->handle()
#49 /home/vagrant/code/prova/vendor/laravel/framework/src/Illuminate/Routing/Pipeline.php(53): Illuminate\Pipeline\Pipeline->Illuminate\Pipeline\{closure}()
#50 /home/vagrant/code/prova/plugins/vdlp/redirect/classes/RedirectMiddleware.php(111): Illuminate\Routing\Pipeline->Illuminate\Routing\{closure}()
#51 /home/vagrant/code/prova/vendor/laravel/framework/src/Illuminate/Pipeline/Pipeline.php(149): Vdlp\Redirect\Classes\RedirectMiddleware->handle()
#52 /home/vagrant/code/prova/vendor/laravel/framework/src/Illuminate/Routing/Pipeline.php(53): Illuminate\Pipeline\Pipeline->Illuminate\Pipeline\{closure}()
#53 /home/vagrant/code/prova/vendor/laravel/framework/src/Illuminate/Pipeline/Pipeline.php(102): Illuminate\Routing\Pipeline->Illuminate\Routing\{closure}()
#54 /home/vagrant/code/prova/vendor/laravel/framework/src/Illuminate/Foundation/Http/Kernel.php(151): Illuminate\Pipeline\Pipeline->then()
#55 /home/vagrant/code/prova/vendor/laravel/framework/src/Illuminate/Foundation/Http/Kernel.php(116): Illuminate\Foundation\Http\Kernel->sendRequestThroughRouter()
#56 /home/vagrant/code/prova/index.php(43): Illuminate\Foundation\Http\Kernel->handle()
#57 {main}  
